E:\FIRST-TASK\MAPLEANALYZE\BIN\ENGINE.DLL
E:\first-task\MapleAnalyze\Release\3.ToD.exp
E:\first-task\MapleAnalyze\Release\3.ToD.lib
E:\FIRST-TASK\MAPLEANALYZE\RELEASE\3.TOD.PDB
E:\FIRST-TASK\MAPLEANALYZE\TOD\RELEASE\3.TOD.DLL.INTERMEDIATE.MANIFEST
E:\FIRST-TASK\MAPLEANALYZE\TOD\RELEASE\3.TOD.PCH
E:\first-task\MapleAnalyze\ToD\Release\3.ToD.write.1.tlog
E:\FIRST-TASK\MAPLEANALYZE\TOD\RELEASE\ANYJACK.OBJ
E:\first-task\MapleAnalyze\ToD\Release\cl.command.1.tlog
E:\first-task\MapleAnalyze\ToD\Release\CL.read.1.tlog
E:\first-task\MapleAnalyze\ToD\Release\CL.write.1.tlog
E:\FIRST-TASK\MAPLEANALYZE\TOD\RELEASE\COMM.OBJ
E:\FIRST-TASK\MAPLEANALYZE\TOD\RELEASE\DLLMAIN.OBJ
E:\FIRST-TASK\MAPLEANALYZE\TOD\RELEASE\EXPORT.OBJ
E:\first-task\MapleAnalyze\ToD\Release\link.command.1.tlog
E:\first-task\MapleAnalyze\ToD\Release\link.read.1.tlog
E:\first-task\MapleAnalyze\ToD\Release\link.write.1.tlog
E:\first-task\MapleAnalyze\ToD\Release\link-cvtres.read.1.tlog
E:\first-task\MapleAnalyze\ToD\Release\link-cvtres.write.1.tlog
E:\FIRST-TASK\MAPLEANALYZE\TOD\RELEASE\LOG.OBJ
E:\first-task\MapleAnalyze\ToD\Release\mt.command.1.tlog
E:\first-task\MapleAnalyze\ToD\Release\mt.read.1.tlog
E:\first-task\MapleAnalyze\ToD\Release\mt.write.1.tlog
E:\first-task\MapleAnalyze\ToD\Release\rc.command.1.tlog
E:\first-task\MapleAnalyze\ToD\Release\rc.read.1.tlog
E:\first-task\MapleAnalyze\ToD\Release\rc.write.1.tlog
E:\FIRST-TASK\MAPLEANALYZE\TOD\RELEASE\STDAFX.OBJ
E:\FIRST-TASK\MAPLEANALYZE\TOD\RELEASE\TOD.OBJ
E:\FIRST-TASK\MAPLEANALYZE\TOD\RELEASE\TOD.RES
E:\FIRST-TASK\MAPLEANALYZE\TOD\RELEASE\VC100.PDB
